D:\INCLIMETER_UPDATE\INCLINOMETRE1\MONITOR\DEBUG\_RECORDSET.OBJ
D:\INCLIMETER_UPDATE\INCLINOMETRE1\MONITOR\DEBUG\_RECORDSET.SBR
D:\INCLIMETER_UPDATE\INCLINOMETRE1\MONITOR\DEBUG\ADODC.OBJ
D:\INCLIMETER_UPDATE\INCLINOMETRE1\MONITOR\DEBUG\ADODC.SBR
D:\INCLIMETER_UPDATE\INCLINOMETRE1\MONITOR\DEBUG\CALIBDLG.OBJ
D:\INCLIMETER_UPDATE\INCLINOMETRE1\MONITOR\DEBUG\CALIBDLG.SBR
D:\Inclimeter_update\Inclinometre1\monitor\Debug\cl.command.1.tlog
D:\Inclimeter_update\Inclinometre1\monitor\Debug\CL.read.1.tlog
D:\Inclimeter_update\Inclinometre1\monitor\Debug\CL.write.1.tlog
D:\INCLIMETER_UPDATE\INCLINOMETRE1\MONITOR\DEBUG\COLUMN.OBJ
D:\INCLIMETER_UPDATE\INCLINOMETRE1\MONITOR\DEBUG\COLUMN.SBR
D:\INCLIMETER_UPDATE\INCLINOMETRE1\MONITOR\DEBUG\COLUMNS.OBJ
D:\INCLIMETER_UPDATE\INCLINOMETRE1\MONITOR\DEBUG\COLUMNS.SBR
D:\INCLIMETER_UPDATE\INCLINOMETRE1\MONITOR\DEBUG\COMM.OBJ
D:\INCLIMETER_UPDATE\INCLINOMETRE1\MONITOR\DEBUG\COMM.SBR
D:\INCLIMETER_UPDATE\INCLINOMETRE1\MONITOR\DEBUG\CURVEATTR.SBR
D:\INCLIMETER_UPDATE\INCLINOMETRE1\MONITOR\DEBUG\DATAFORMATDISP.OBJ
D:\INCLIMETER_UPDATE\INCLINOMETRE1\MONITOR\DEBUG\DATAFORMATDISP.SBR
D:\INCLIMETER_UPDATE\INCLINOMETRE1\MONITOR\DEBUG\DATAGRID.OBJ
D:\INCLIMETER_UPDATE\INCLINOMETRE1\MONITOR\DEBUG\DATAGRID.SBR
D:\INCLIMETER_UPDATE\INCLINOMETRE1\MONITOR\DEBUG\EDITDATA.SBR
D:\INCLIMETER_UPDATE\INCLINOMETRE1\MONITOR\DEBUG\FIELDS.OBJ
D:\INCLIMETER_UPDATE\INCLINOMETRE1\MONITOR\DEBUG\FIELDS.SBR
D:\INCLIMETER_UPDATE\INCLINOMETRE1\MONITOR\DEBUG\FONT.OBJ
D:\INCLIMETER_UPDATE\INCLINOMETRE1\MONITOR\DEBUG\FONT.SBR
D:\INCLIMETER_UPDATE\INCLINOMETRE1\MONITOR\DEBUG\GAUGECTRLSETTINGS.OBJ
D:\INCLIMETER_UPDATE\INCLINOMETRE1\MONITOR\DEBUG\GAUGECTRLSETTINGS.SBR
D:\INCLIMETER_UPDATE\INCLINOMETRE1\MONITOR\DEBUG\GRIDCTRL.SBR
D:\INCLIMETER_UPDATE\INCLINOMETRE1\MONITOR\DEBUG\GRIDDROPTARGET.OBJ
D:\INCLIMETER_UPDATE\INCLINOMETRE1\MONITOR\DEBUG\GRIDDROPTARGET.SBR
D:\INCLIMETER_UPDATE\INCLINOMETRE1\MONITOR\DEBUG\INPLACEEDIT.OBJ
D:\INCLIMETER_UPDATE\INCLINOMETRE1\MONITOR\DEBUG\INPLACEEDIT.SBR
D:\INCLIMETER_UPDATE\INCLINOMETRE1\MONITOR\DEBUG\INPLACELIST.OBJ
D:\INCLIMETER_UPDATE\INCLINOMETRE1\MONITOR\DEBUG\INPLACELIST.SBR
D:\INCLIMETER_UPDATE\INCLINOMETRE1\MONITOR\DEBUG\LOCKSPLITTER.OBJ
D:\INCLIMETER_UPDATE\INCLINOMETRE1\MONITOR\DEBUG\LOCKSPLITTER.SBR
D:\INCLIMETER_UPDATE\INCLINOMETRE1\MONITOR\DEBUG\MAINFRM.SBR
D:\INCLIMETER_UPDATE\INCLINOMETRE1\MONITOR\DEBUG\MFTDEPTH.OBJ
D:\INCLIMETER_UPDATE\INCLINOMETRE1\MONITOR\DEBUG\MFTDEPTH.SBR
D:\INCLIMETER_UPDATE\INCLINOMETRE1\MONITOR\DEBUG\MFTGAUGE.OBJ
D:\INCLIMETER_UPDATE\INCLINOMETRE1\MONITOR\DEBUG\MFTGAUGE.SBR
D:\INCLIMETER_UPDATE\INCLINOMETRE1\MONITOR\DEBUG\MFTMONITOR.OBJ
D:\INCLIMETER_UPDATE\INCLINOMETRE1\MONITOR\DEBUG\MFTMONITOR.PCH
D:\INCLIMETER_UPDATE\INCLINOMETRE1\MONITOR\DEBUG\MFTMONITOR.SBR
D:\Inclimeter_update\Inclinometre1\monitor\Debug\MFTMonitor.write.1.tlog
D:\INCLIMETER_UPDATE\INCLINOMETRE1\MONITOR\DEBUG\MFTMONITORDOC.SBR
D:\INCLIMETER_UPDATE\INCLINOMETRE1\MONITOR\DEBUG\MFTMONITORVIEW.OBJ
D:\INCLIMETER_UPDATE\INCLINOMETRE1\MONITOR\DEBUG\MFTMONITORVIEW.SBR
D:\INCLIMETER_UPDATE\INCLINOMETRE1\MONITOR\DEBUG\MFTPOSITION.OBJ
D:\INCLIMETER_UPDATE\INCLINOMETRE1\MONITOR\DEBUG\MFTPOSITION.SBR
D:\INCLIMETER_UPDATE\INCLINOMETRE1\MONITOR\DEBUG\MRGFILE.OBJ
D:\INCLIMETER_UPDATE\INCLINOMETRE1\MONITOR\DEBUG\MRGFILE.SBR
D:\Inclimeter_update\Inclinometre1\monitor\Debug\msado15.tlh
D:\Inclimeter_update\Inclinometre1\monitor\Debug\msado15.tli
D:\Inclimeter_update\Inclinometre1\monitor\Debug\msadox.tlh
D:\Inclimeter_update\Inclinometre1\monitor\Debug\msadox.tli
D:\INCLIMETER_UPDATE\INCLINOMETRE1\MONITOR\DEBUG\MSFLEXGRID.OBJ
D:\INCLIMETER_UPDATE\INCLINOMETRE1\MONITOR\DEBUG\MSFLEXGRID.SBR
D:\INCLIMETER_UPDATE\INCLINOMETRE1\MONITOR\DEBUG\MYTOOLBAR.SBR
D:\INCLIMETER_UPDATE\INCLINOMETRE1\MONITOR\DEBUG\PANEL.OBJ
D:\INCLIMETER_UPDATE\INCLINOMETRE1\MONITOR\DEBUG\PANEL.SBR
D:\INCLIMETER_UPDATE\INCLINOMETRE1\MONITOR\DEBUG\PICTURE.OBJ
D:\INCLIMETER_UPDATE\INCLINOMETRE1\MONITOR\DEBUG\PICTURE.SBR
D:\INCLIMETER_UPDATE\INCLINOMETRE1\MONITOR\DEBUG\POSITION.OBJ
D:\INCLIMETER_UPDATE\INCLINOMETRE1\MONITOR\DEBUG\POSITION.SBR
D:\INCLIMETER_UPDATE\INCLINOMETRE1\MONITOR\DEBUG\PRESENTATION.OBJ
D:\INCLIMETER_UPDATE\INCLINOMETRE1\MONITOR\DEBUG\PRESENTATION.SBR
D:\INCLIMETER_UPDATE\INCLINOMETRE1\MONITOR\DEBUG\PROPERTIES.OBJ
D:\INCLIMETER_UPDATE\INCLINOMETRE1\MONITOR\DEBUG\PROPERTIES.SBR
D:\INCLIMETER_UPDATE\INCLINOMETRE1\MONITOR\DEBUG\PROPERTY.OBJ
D:\INCLIMETER_UPDATE\INCLINOMETRE1\MONITOR\DEBUG\PROPERTY.SBR
D:\INCLIMETER_UPDATE\INCLINOMETRE1\MONITOR\DEBUG\RELOG.OBJ
D:\INCLIMETER_UPDATE\INCLINOMETRE1\MONITOR\DEBUG\RELOG.SBR
D:\INCLIMETER_UPDATE\INCLINOMETRE1\MONITOR\DEBUG\ROWCURSOR.OBJ
D:\INCLIMETER_UPDATE\INCLINOMETRE1\MONITOR\DEBUG\ROWCURSOR.SBR
D:\INCLIMETER_UPDATE\INCLINOMETRE1\MONITOR\DEBUG\SELBOOKMARKS.OBJ
D:\INCLIMETER_UPDATE\INCLINOMETRE1\MONITOR\DEBUG\SELBOOKMARKS.SBR
D:\INCLIMETER_UPDATE\INCLINOMETRE1\MONITOR\DEBUG\SPLIT.OBJ
D:\INCLIMETER_UPDATE\INCLINOMETRE1\MONITOR\DEBUG\SPLIT.SBR
D:\INCLIMETER_UPDATE\INCLINOMETRE1\MONITOR\DEBUG\SPLITS.OBJ
D:\INCLIMETER_UPDATE\INCLINOMETRE1\MONITOR\DEBUG\SPLITS.SBR
D:\INCLIMETER_UPDATE\INCLINOMETRE1\MONITOR\DEBUG\STDAFX.OBJ
D:\INCLIMETER_UPDATE\INCLINOMETRE1\MONITOR\DEBUG\STDAFX.SBR
D:\INCLIMETER_UPDATE\INCLINOMETRE1\MONITOR\DEBUG\STDDATAFORMATSDISP.OBJ
D:\INCLIMETER_UPDATE\INCLINOMETRE1\MONITOR\DEBUG\STDDATAFORMATSDISP.SBR
D:\INCLIMETER_UPDATE\INCLINOMETRE1\MONITOR\DEBUG\THREADS.SBR
D:\INCLIMETER_UPDATE\INCLINOMETRE1\MONITOR\DEBUG\TRACKATTR.OBJ
D:\INCLIMETER_UPDATE\INCLINOMETRE1\MONITOR\DEBUG\TRACKATTR.SBR
D:\Inclimeter_update\Inclinometre1\monitor\Debug\vc100.idb
D:\INCLIMETER_UPDATE\INCLINOMETRE1\MONITOR\DEBUG\VC100.PDB
D:\INCLIMETER_UPDATE\INCLINOMETRE1\MONITOR\DEBUG\VIEW2.OBJ
D:\INCLIMETER_UPDATE\INCLINOMETRE1\MONITOR\DEBUG\VIEW2.SBR
D:\INCLIMETER_UPDATE\INCLINOMETRE1\MONITOR\DEBUG\VIEW3.OBJ
D:\INCLIMETER_UPDATE\INCLINOMETRE1\MONITOR\DEBUG\VIEW3.SBR
D:\INCLIMETER_UPDATE\INCLINOMETRE1\MONITOR\DEBUG\WATCH.OBJ
D:\INCLIMETER_UPDATE\INCLINOMETRE1\MONITOR\DEBUG\WATCH.SBR
