
ROM used:   7561/8192 (92%)
            7699/8192 (94%) including unused fragments

            3.5 Average locations per line
            11.8 Average locations per statement

RAM used:   236/368 (64%) at main() level
            302/368 (82%) worst case

Stack used: 8 worst case (6 in main + 2 for interrupts)
Stack size: 8

Lines Stmts  %   Files
----- ----- ---  -----
  916   543  84  metkapic.c
  810     0   0  C:\Program Files (x86)\PICC\Devices\16F887.h
  456   100  16  C:\Program Files (x86)\PICC\Drivers\lcd.c
----- -----
 2182   643 Total

Page ROM  %  RAM    Vol Diff  Functions:
---- --- --- ---    --- ----  ----------
0     20   0    1             @delay_ms1
1     30   0    2   7523 14.4  @PUTCHAR_BIU_1
 Inline         3    760  4.5  lcd_read_byte
0     59   1    2    262  3.7  lcd_read_nibble
0     62   1    1    399  2.4  lcd_send_nibble
0    107   1    3    415  3.7  lcd_send_byte
0     86   1    6    852  6.2  lcd_init
0     20   0    4    208  6.3  lcd_gotoxy
1     70   1    1    354  4.7  lcd_putc
0    394   5   21   1658  8.3  serial_isr
0    126   2   14   7523 14.4  @DIVS3232
0     91   1    1    502  5.2  ext_isr
0     39   1    2   7523 14.4  @MUL88
0     42   1    0    106  2.5  rtc_isr
0    221   3    4    493  6.6  timer1_isr
1     38   1    1    131  3.5  send_com
1    534   7   12    843  3.4  tach_so
1     81   1   13   7523 14.4  @DIV3232
 Inline         1    321  1.9  out_num_ty
 Inline         4     35  1.3  write_num_ty
 Inline         2    163  2.8  tach_so_8
0     23   0    3   7523 14.4  @DIV88
 Inline         1    165  3.1  out_num_8
1    101   1    1     35  1.3  write_num_8
 Inline         2   1237  3.9  out_num
1    289   4    5     56  1.8  write_num
1    124   2    5    149  2.2  backup_depth
1    110   1    2    149  2.2  backup_encoder
1    109   1    2    138  2.2  backup_tens
0     72   1    2    504  4.3  read_flash
2   1584  21    5   4748  6.4  hienthi
0      4   0    0             @const870
1     80   1    4             @PSTRINGC7_756
0      7   0    0             @const875
1     29   0    4             @DTOF
0    119   2   13             @MULFF
0     31   0    2             @ITOF
0    204   3   14             @DIVFF
1     33   0    5             @FTOSD
0      1   0    0             @const888
0      2   0    0             @const889
0      2   0    0             @const890
0      4   0    0             @const891
0      7   0    0             @const892
0      3   0    0             @const893
0      2   0    0             @const894
0      2   0    0             @const895
0      4   0    0             @const896
0      7   0    0             @const897
0      2   0    0             @const898
0      4   0    0             @const899
0      8   0    0             @const900
0      1   0    0             @const901
0      1   0    0             @const902
0      1   0    0             @const903
0      1   0    0             @const904
1     65   1   10             @FLT
0      1   0    0             @const908
0      3   0    0             @const909
0      3   0    0             @const910
0      4   0    0             @const911
0      4   0    0             @const912
0      4   0    0             @const913
0      4   0    0             @const914
0      4   0    0             @const915
0      3   0    0             @const916
0      3   0    0             @const917
0      3   0    0             @const918
0      3   0    0             @const919
0      3   0    0             @const920
0      3   0    0             @const921
0      3   0    0             @const922
0      3   0    0             @const923
0      3   0    0             @const924
0      3   0    0             @const925
0      3   0    0             @const926
0      3   0    0             @const927
0      3   0    0             @const928
0      3   0    0             @const929
0      3   0    0             @const930
0      3   0    0   7523 14.4  @const931
2    307   4    4   2281  4.4  update_data
3   1555  21    4   7523 14.4  MAIN
0     41   1    5             @DIV1616
1    331   4   16             @ADDFF
2     50   1    5             @SDTOF
0     21   0    0             @const945
0     21   0    0             @const946
 Inline         0             @cinit1

Program metrics:
    Functions               33
    Statements              643
    Comments                345
    Volume (V)              104940
    Difficulty (D)          198.6
    Effort to implement (E) 20837275
    Time to implement (T)   321 hours, 34 minutes
    Est Delivered Bugs (B)  25
    Cyclomatic Complexity   250
    Maintainability (MI)    31

 Segment     Used  Free
-----------  ----  ----
00000-00003     4  0  
00004-00067   100  0  
00068-007FF  1937  7  
00800-00FFF  2024  24  
01000-017FF  1941  107  
01800-01FFF  1555  493  



